<?xml version="1.0" encoding="UTF-8"?>
<testsuite xmlns:xsi="http://www.w3.org/2001/XMLSchema-instance" xsi:noNamespaceSchemaLocation="https://maven.apache.org/surefire/maven-surefire-plugin/xsd/surefire-test-report-3.0.xsd" version="3.0" name="com.embold.sample.ShelterTest" time="0.1" tests="17" errors="0" skipped="0" failures="0">
  <properties>
[...]
</properties>
  <testcase name="findBySpecies_noMatch_returnsEmptyList" classname="com.embold.sample.ShelterTest" time="0.005"/>
  <testcase name="intake_addsAnimalToList" classname="com.embold.sample.ShelterTest" time="0.003"/>
  <testcase name="getName_returnsConstructorValue" classname="com.embold.sample.ShelterTest" time="0.002"/>
  <testcase name="availableCapacity_emptySheter_equalsCapacity" classname="com.embold.sample.ShelterTest" time="0.001"/>
  <testcase name="availableCapacity_afterIntake_decreases" classname="com.embold.sample.ShelterTest" time="0.001"/>
  <testcase name="averageAge_multipleAnimals_isCorrect" classname="com.embold.sample.ShelterTest" time="0.003"/>
  <testcase name="intake_underCapacity_returnsTrue" classname="com.embold.sample.ShelterTest" time="0.004"/>
  <testcase name="findBySpecies_caseInsensitive_works" classname="com.embold.sample.ShelterTest" time="0.0"/>
  <testcase name="intake_atCapacity_doesNotAddAnimal" classname="com.embold.sample.ShelterTest" time="0.007"/>
  <testcase name="intake_atCapacity_returnsFalse" classname="com.embold.sample.ShelterTest" time="0.006"/>
  <testcase name="adopt_existingAnimal_returnsPresent" classname="com.embold.sample.ShelterTest" time="0.006"/>
  <testcase name="averageAge_emptyShelter_returnsZero" classname="com.embold.sample.ShelterTest" time="0.001"/>
  <testcase name="getAnimals_returnsUnmodifiableList" classname="com.embold.sample.ShelterTest" time="0.013"/>
  <testcase name="adopt_unknownName_returnsEmpty" classname="com.embold.sample.ShelterTest" time="0.001"/>
  <testcase name="adopt_existingAnimal_removesFromShelter" classname="com.embold.sample.ShelterTest" time="0.001"/>
  <testcase name="findBySpecies_returnsMatchingAnimals" classname="com.embold.sample.ShelterTest" time="0.002"/>
  <testcase name="adopt_caseInsensitive_works" classname="com.embold.sample.ShelterTest" time="0.002"/>
</testsuite>