<?xml version="1.0" encoding="UTF-8"?>
<testsuite xmlns:xsi="http://www.w3.org/2001/XMLSchema-instance" xsi:noNamespaceSchemaLocation="https://maven.apache.org/surefire/maven-surefire-plugin/xsd/surefire-test-report-3.0.xsd" version="3.0" name="com.embold.sample.ReportTest" time="0.067" tests="7" errors="0" skipped="0" failures="0">
  <properties>
[...]
</properties>
  <testcase name="generate_containsAnimalDetails" classname="com.embold.sample.ReportTest" time="0.021"/>
  <testcase name="generate_emptyShelter_showsZeroCounts" classname="com.embold.sample.ReportTest" time="0.003"/>
  <testcase name="generate_containsExpectedAnimalCounts" classname="com.embold.sample.ReportTest" time="0.003"/>
  <testcase name="generate_containsAvailableCapacity" classname="com.embold.sample.ReportTest" time="0.001"/>
  <testcase name="generate_calledTwice_returnsSameResult" classname="com.embold.sample.ReportTest" time="0.006"/>
  <testcase name="generate_returnsNonEmptyString" classname="com.embold.sample.ReportTest" time="0.005"/>
  <testcase name="generate_containsShelterName" classname="com.embold.sample.ReportTest" time="0.01"/>
</testsuite>