TN:
SF:src/Animal.js
FN:14,(anonymous_0)
FN:22,(anonymous_1)
FN:23,(anonymous_2)
FN:24,(anonymous_3)
FN:25,(anonymous_4)
FN:27,(anonymous_5)
FN:32,(anonymous_6)
FNF:7
FNH:7
FNDA:81,(anonymous_0)
FNDA:13,(anonymous_1)
FNDA:2,(anonymous_2)
FNDA:69,(anonymous_3)
FNDA:23,(anonymous_4)
FNDA:38,(anonymous_5)
FNDA:2,(anonymous_6)
DA:1,5
DA:15,81
DA:16,81
DA:17,81
DA:18,81
DA:19,81
DA:22,13
DA:23,2
DA:24,69
DA:25,23
DA:28,38
DA:32,2
DA:35,5
LF:13
LH:13
BRF:0
BRH:0
end_of_record
TN:
SF:src/AnimalVisitor.js
FN:9,(anonymous_0)
FN:16,(anonymous_1)
FN:21,(anonymous_2)
FN:27,(anonymous_3)
FN:28,(anonymous_4)
FN:29,(anonymous_5)
FN:31,(anonymous_6)
FNF:7
FNH:7
FNDA:21,(anonymous_0)
FNDA:21,(anonymous_1)
FNDA:21,(anonymous_2)
FNDA:15,(anonymous_3)
FNDA:15,(anonymous_4)
FNDA:37,(anonymous_5)
FNDA:14,(anonymous_6)
DA:1,2
DA:2,2
DA:10,21
DA:11,21
DA:12,21
DA:13,21
DA:17,21
DA:18,21
DA:22,21
DA:23,21
DA:24,21
DA:27,15
DA:28,15
DA:29,37
DA:32,14
DA:38,2
LF:16
LH:16
BRDA:32,0,0,2
BRDA:32,0,1,12
BRF:2
BRH:2
end_of_record
TN:
SF:src/Cat.js
FN:15,(anonymous_0)
FN:20,(anonymous_1)
FN:21,(anonymous_2)
FN:27,(anonymous_3)
FNF:4
FNH:4
FNDA:34,(anonymous_0)
FNDA:20,(anonymous_1)
FNDA:18,(anonymous_2)
FNDA:7,(anonymous_3)
DA:1,4
DA:2,4
DA:16,34
DA:17,34
DA:20,20
DA:21,18
DA:28,7
DA:29,7
DA:30,7
DA:31,7
DA:35,4
LF:11
LH:11
BRDA:28,0,0,4
BRDA:28,0,1,3
BRF:2
BRH:2
end_of_record
TN:
SF:src/Dog.js
FN:22,(anonymous_0)
FN:27,(anonymous_1)
FN:28,(anonymous_2)
FN:34,(anonymous_3)
FNF:4
FNH:4
FNDA:47,(anonymous_0)
FNDA:20,(anonymous_1)
FNDA:18,(anonymous_2)
FNDA:31,(anonymous_3)
DA:1,4
DA:2,4
DA:5,4
DA:23,47
DA:24,47
DA:27,20
DA:28,18
DA:35,31
DA:37,31
DA:38,1
DA:39,30
DA:40,28
DA:42,2
DA:45,31
DA:46,31
DA:47,31
DA:49,31
DA:53,4
LF:18
LH:18
BRDA:37,0,0,1
BRDA:37,0,1,30
BRDA:39,1,0,28
BRDA:39,1,1,2
BRDA:45,2,0,31
BRDA:45,2,1,1
BRF:6
BRH:6
end_of_record
TN:
SF:src/IAnimal.js
FN:6,(anonymous_0)
FN:7,(anonymous_1)
FN:8,(anonymous_2)
FN:9,(anonymous_3)
FN:10,(anonymous_4)
FN:11,(anonymous_5)
FN:12,(anonymous_6)
FNF:7
FNH:0
FNDA:0,(anonymous_0)
FNDA:0,(anonymous_1)
FNDA:0,(anonymous_2)
FNDA:0,(anonymous_3)
FNDA:0,(anonymous_4)
FNDA:0,(anonymous_5)
FNDA:0,(anonymous_6)
DA:6,0
DA:7,0
DA:8,0
DA:9,0
DA:10,0
DA:11,0
DA:12,0
DA:15,5
LF:8
LH:1
BRF:0
BRH:0
end_of_record
TN:
SF:src/IVisitor.js
FN:6,(anonymous_0)
FN:7,(anonymous_1)
FNF:2
FNH:0
FNDA:0,(anonymous_0)
FNDA:0,(anonymous_1)
DA:6,0
DA:7,0
DA:10,2
LF:3
LH:1
BRF:0
BRH:0
end_of_record
TN:
SF:src/MathUtils.js
FN:10,(anonymous_0)
FN:18,(anonymous_1)
FN:28,(anonymous_2)
FN:30,fib
FN:44,(anonymous_4)
FN:46,(anonymous_5)
FN:47,(anonymous_6)
FN:55,(anonymous_7)
FNF:8
FNH:8
FNDA:100,(anonymous_0)
FNDA:43,(anonymous_1)
FNDA:7,(anonymous_2)
FNDA:77,fib
FNDA:14,(anonymous_4)
FNDA:46,(anonymous_5)
FNDA:46,(anonymous_6)
FNDA:5,(anonymous_7)
DA:5,6
DA:11,100
DA:19,43
DA:20,42
DA:29,7
DA:31,77
DA:32,61
DA:33,35
DA:34,35
DA:35,35
DA:37,7
DA:45,14
DA:46,46
DA:47,46
DA:48,12
DA:56,5
DA:57,4
DA:58,13
DA:59,4
DA:63,6
LF:20
LH:20
BRDA:19,0,0,1
BRDA:19,0,1,42
BRDA:31,1,0,16
BRDA:31,1,1,61
BRDA:32,2,0,26
BRDA:32,2,1,35
BRDA:45,3,0,2
BRDA:45,3,1,12
BRDA:56,4,0,1
BRDA:56,4,1,4
BRF:10
BRH:10
end_of_record
TN:
SF:src/Report.js
FN:10,(anonymous_0)
FN:14,(anonymous_1)
FN:17,(anonymous_2)
FN:19,(anonymous_3)
FN:32,(anonymous_4)
FNF:5
FNH:5
FNDA:8,(anonymous_0)
FNDA:9,(anonymous_1)
FNDA:32,(anonymous_2)
FNDA:32,(anonymous_3)
FNDA:32,(anonymous_4)
DA:1,1
DA:2,1
DA:11,8
DA:15,9
DA:16,9
DA:17,32
DA:19,32
DA:20,9
DA:22,9
DA:32,32
DA:34,9
DA:38,1
LF:12
LH:12
BRF:0
BRH:0
end_of_record
TN:
SF:src/Shelter.js
FN:10,(anonymous_0)
FN:22,(anonymous_1)
FN:33,(anonymous_2)
FN:35,(anonymous_3)
FN:42,(anonymous_4)
FN:43,(anonymous_5)
FN:44,(anonymous_6)
FN:46,(anonymous_7)
FNF:8
FNH:8
FNDA:24,(anonymous_0)
FNDA:50,(anonymous_1)
FNDA:6,(anonymous_2)
FNDA:8,(anonymous_3)
FNDA:18,(anonymous_4)
FNDA:12,(anonymous_5)
FNDA:12,(anonymous_6)
FNDA:35,(anonymous_7)
DA:11,24
DA:12,24
DA:14,24
DA:23,50
DA:24,49
DA:25,49
DA:34,6
DA:35,8
DA:37,6
DA:38,4
DA:42,18
DA:43,12
DA:45,12
DA:46,35
DA:50,2
LF:15
LH:15
BRDA:23,0,0,1
BRDA:23,0,1,49
BRDA:37,1,0,2
BRDA:37,1,1,4
BRDA:45,2,0,2
BRDA:45,2,1,10
BRF:6
BRH:6
end_of_record
