<?xml version="1.0" encoding="UTF-8"?>
<testsuites tests="6" failures="0" disabled="0" errors="0" time="0" timestamp="2024-11-26T13:37:58.925" name="AllTests">
  <testsuite name="FactorialTest" tests="3" failures="0" disabled="0" skipped="0" errors="0" time="0" timestamp="2024-11-26T13:37:58.925">
    <testcase name="Negative" status="run" result="completed" time="0" timestamp="2024-11-26T13:37:58.925" classname="FactorialTest" />
    <testcase name="Zero" status="run" result="completed" time="0" timestamp="2024-11-26T13:37:58.925" classname="FactorialTest" />
    <testcase name="Positive" status="run" result="completed" time="0" timestamp="2024-11-26T13:37:58.925" classname="FactorialTest" />
  </testsuite>
  <testsuite name="IsPrimeTest" tests="3" failures="0" disabled="0" skipped="0" errors="0" time="0" timestamp="2024-11-26T13:37:58.925">
    <testcase name="Negative" status="run" result="completed" time="0" timestamp="2024-11-26T13:37:58.925" classname="IsPrimeTest" />
    <testcase name="Trivial" status="run" result="completed" time="0" timestamp="2024-11-26T13:37:58.925" classname="IsPrimeTest" />
    <testcase name="Positive" status="run" result="completed" time="0" timestamp="2024-11-26T13:37:58.925" classname="IsPrimeTest" />
  </testsuite>
</testsuites>
