TN:
SF:src/Animal.ts
FN:9,(anonymous_0)
FN:16,(anonymous_1)
FN:17,(anonymous_2)
FN:18,(anonymous_3)
FN:19,(anonymous_4)
FN:24,(anonymous_5)
FN:29,(anonymous_6)
FNF:7
FNH:7
FNDA:81,(anonymous_0)
FNDA:13,(anonymous_1)
FNDA:2,(anonymous_2)
FNDA:69,(anonymous_3)
FNDA:23,(anonymous_4)
FNDA:38,(anonymous_5)
FNDA:2,(anonymous_6)
DA:8,5
DA:10,81
DA:11,81
DA:12,81
DA:13,81
DA:16,13
DA:17,2
DA:18,69
DA:19,23
DA:25,38
DA:29,2
LF:11
LH:11
BRF:0
BRH:0
end_of_record
TN:
SF:src/AnimalVisitor.ts
FN:10,(anonymous_0)
FN:15,(anonymous_1)
FN:20,(anonymous_2)
FN:26,(anonymous_3)
FN:27,(anonymous_4)
FN:28,(anonymous_5)
FN:30,(anonymous_6)
FNF:7
FNH:7
FNDA:21,(anonymous_0)
FNDA:21,(anonymous_1)
FNDA:21,(anonymous_2)
FNDA:15,(anonymous_3)
FNDA:15,(anonymous_4)
FNDA:37,(anonymous_5)
FNDA:14,(anonymous_6)
DA:4,2
DA:10,2
DA:11,21
DA:12,21
DA:13,21
DA:16,21
DA:17,21
DA:21,21
DA:22,21
DA:23,21
DA:26,15
DA:27,15
DA:28,37
DA:31,14
LF:14
LH:14
BRDA:31,0,0,2
BRDA:31,0,1,12
BRF:2
BRH:2
end_of_record
TN:
SF:src/Cat.ts
FN:7,(anonymous_0)
FN:16,(anonymous_1)
FN:17,(anonymous_2)
FN:20,(anonymous_3)
FNF:4
FNH:4
FNDA:34,(anonymous_0)
FNDA:20,(anonymous_1)
FNDA:18,(anonymous_2)
FNDA:7,(anonymous_3)
DA:1,4
DA:3,4
DA:6,4
DA:10,34
DA:13,34
DA:16,20
DA:17,18
DA:21,7
DA:22,7
DA:23,7
DA:24,7
LF:11
LH:11
BRDA:21,0,0,4
BRDA:21,0,1,3
BRF:2
BRH:2
end_of_record
TN:
SF:src/Dog.ts
FN:13,(anonymous_0)
FN:22,(anonymous_1)
FN:23,(anonymous_2)
FN:29,(anonymous_3)
FNF:4
FNH:4
FNDA:47,(anonymous_0)
FNDA:20,(anonymous_1)
FNDA:18,(anonymous_2)
FNDA:31,(anonymous_3)
DA:1,4
DA:3,4
DA:5,4
DA:12,4
DA:16,47
DA:19,47
DA:22,20
DA:23,18
DA:30,31
DA:32,31
DA:33,1
DA:34,30
DA:35,28
DA:37,2
DA:40,31
DA:41,31
DA:42,31
DA:44,31
LF:18
LH:18
BRDA:32,0,0,1
BRDA:32,0,1,30
BRDA:34,1,0,28
BRDA:34,1,1,2
BRDA:40,2,0,31
BRDA:40,2,1,1
BRF:6
BRH:6
end_of_record
TN:
SF:src/MathUtils.ts
FN:3,(anonymous_0)
FN:8,(anonymous_1)
FN:14,(anonymous_2)
FN:16,fib
FN:27,(anonymous_4)
FN:29,(anonymous_5)
FN:30,(anonymous_6)
FN:35,(anonymous_7)
FNF:8
FNH:8
FNDA:100,(anonymous_0)
FNDA:43,(anonymous_1)
FNDA:7,(anonymous_2)
FNDA:77,fib
FNDA:14,(anonymous_4)
FNDA:46,(anonymous_5)
FNDA:46,(anonymous_6)
FNDA:5,(anonymous_7)
DA:2,6
DA:4,100
DA:9,43
DA:10,42
DA:15,7
DA:17,77
DA:18,61
DA:19,35
DA:20,35
DA:21,35
DA:23,7
DA:28,14
DA:29,46
DA:30,46
DA:31,12
DA:36,5
DA:37,4
DA:38,13
DA:39,4
LF:19
LH:19
BRDA:9,0,0,1
BRDA:17,1,0,16
BRDA:18,2,0,26
BRDA:28,3,0,2
BRDA:36,4,0,1
BRF:5
BRH:5
end_of_record
TN:
SF:src/Report.ts
FN:10,(anonymous_0)
FN:12,(anonymous_1)
FN:15,(anonymous_2)
FN:17,(anonymous_3)
FN:30,(anonymous_4)
FNF:5
FNH:5
FNDA:8,(anonymous_0)
FNDA:9,(anonymous_1)
FNDA:32,(anonymous_2)
FNDA:32,(anonymous_3)
FNDA:32,(anonymous_4)
DA:2,1
DA:3,1
DA:9,1
DA:10,8
DA:13,9
DA:14,9
DA:15,32
DA:17,32
DA:18,9
DA:20,9
DA:30,32
DA:32,9
LF:12
LH:12
BRF:0
BRH:0
end_of_record
TN:
SF:src/Shelter.ts
FN:7,(anonymous_0)
FN:13,(anonymous_1)
FN:20,(anonymous_2)
FN:22,(anonymous_3)
FN:28,(anonymous_4)
FN:29,(anonymous_5)
FN:30,(anonymous_6)
FN:32,(anonymous_7)
FNF:8
FNH:8
FNDA:24,(anonymous_0)
FNDA:50,(anonymous_1)
FNDA:6,(anonymous_2)
FNDA:8,(anonymous_3)
FNDA:18,(anonymous_4)
FNDA:12,(anonymous_5)
FNDA:12,(anonymous_6)
FNDA:35,(anonymous_7)
DA:4,2
DA:5,24
DA:8,24
DA:9,24
DA:14,50
DA:15,49
DA:16,49
DA:21,6
DA:22,8
DA:24,6
DA:25,4
DA:28,18
DA:29,12
DA:31,12
DA:32,35
LF:15
LH:15
BRDA:14,0,0,1
BRDA:24,1,0,2
BRDA:31,2,0,2
BRF:3
BRH:3
end_of_record
